2024-08-14 17:42:32.530 | DEBUG    | __main__:<module>:13 - That's it, beautiful and simple logging!
2024-08-14 17:43:19.478 | DEBUG    | __main__:<module>:13 - That's it, beautiful and simple logging!
2024-08-14 17:43:19.489 | INFO     | __main__:<module>:14 - If you're using Python 3.6, prefer f-strings of course!
2024-08-14 17:44:29.520 | DEBUG    | __main__:<module>:13 - That's it, beautiful and simple logging!
2024-08-14 17:44:29.521 | INFO     | __main__:<module>:14 - If you're using Python 3.6, prefer f-strings of course!
2024-08-14 17:45:34.411 | DEBUG    | __main__:<module>:13 - That's it, beautiful and simple logging!
2024-08-14 17:45:34.416 | INFO     | __main__:<module>:14 - If you're using Python 3.6, prefer f-strings of course!
2024-08-14 17:45:38.572 | DEBUG    | __main__:<module>:14 - That's it, beautiful and simple logging!
2024-08-14 17:45:38.576 | INFO     | __main__:<module>:15 - If you're using Python 3.6, prefer f-strings of course!
2024-08-14 17:46:18.993 | DEBUG    | __main__:<module>:14 - That's it, beautiful and simple logging!
2024-08-14 17:46:18.996 | INFO     | __main__:<module>:15 - If you're using Python 3.6, prefer f-strings of course!
2024-08-14 17:46:49.615 | DEBUG    | __main__:<module>:14 - That's it, beautiful and simple logging!
2024-08-14 17:46:49.620 | INFO     | __main__:<module>:15 - If you're using Python 3.6, prefer f-strings of course!
2024-08-14 17:46:49.652 | ERROR    | __main__:nested:34 - What?!
Traceback (most recent call last):

  File "C:\Users\kiran\OneDrive\Desktop\Free Work\Loguru\try.py", line 36, in <module>
    nested(0)
    └ <function nested at 0x000001CE3C3E4EA0>

> File "C:\Users\kiran\OneDrive\Desktop\Free Work\Loguru\try.py", line 32, in nested
    func(5, c)
    │       └ 0
    └ <function func at 0x000001CE3C3E4E00>

  File "C:\Users\kiran\OneDrive\Desktop\Free Work\Loguru\try.py", line 28, in func
    return a / b
           │   └ 0
           └ 5

ZeroDivisionError: division by zero
